[2025-06-24 02:09:55] Email sent to kabinash302@gmail.com: Login Successful
[2025-06-24 02:09:58] Columns in C:\Users\Abinash\Desktop\Internship_project\Nse_Reports\CSV_Files\2025-04-25\AUB_2025076_24042025.csv: ['Confirmed list of securities to be auctioned in A 2025076 to be held on Apr 24 2025.']
[2025-06-24 02:09:58] Columns in C:\Users\Abinash\Desktop\Internship_project\Nse_Reports\CSV_Files\2025-04-25\BhavCopy_NSE_CM_0_0_0_20250424_F_0000.csv: ['TradDt', 'BizDt', 'Sgmt', 'Src', 'FinInstrmTp', 'FinInstrmId', 'ISIN', 'TckrSymb', 'SctySrs', 'XpryDt', 'FininstrmActlXpryDt', 'StrkPric', 'OptnTp', 'FinInstrmNm', 'OpnPric', 'HghPric', 'LwPric', 'ClsPric', 'LastPric', 'PrvsClsgPric', 'UndrlygPric', 'SttlmPric', 'OpnIntrst', 'ChngInOpnIntrst', 'TtlTradgVol', 'TtlTrfVal', 'TtlNbOfTxsExctd', 'SsnId', 'NewBrdLotQty', 'Rmks', 'Rsvd1', 'Rsvd2', 'Rsvd3', 'Rsvd4']
[2025-06-24 02:09:58] Columns in C:\Users\Abinash\Desktop\Internship_project\Nse_Reports\CSV_Files\2025-04-25\CMVOLT_24042025.CSV: ['Date', 'Symbol', 'Underlying Close Price (A)', 'Underlying Previous Day Close Price (B)', 'Underlying Log Returns (C) = LN(A/B)', 'Previous Day Underlying Volatility (D)', 'Current Day Underlying Daily Volatility (E) = Sqrt(0.995*D*D + 0.005*C*C)', 'Underlying Annualised Volatility (F) = E*Sqrt(365)']
[2025-06-24 02:09:58] Columns in C:\Users\Abinash\Desktop\Internship_project\Nse_Reports\CSV_Files\2025-04-25\eq_band_changes_25042025.csv: ['Sr. No', 'Symbol', 'Series', 'Security Name', 'From', 'To']
[2025-06-24 02:09:58] Columns in C:\Users\Abinash\Desktop\Internship_project\Nse_Reports\CSV_Files\2025-04-25\MA240425.csv: ['Unnamed: 0', '24-Apr-2025']
[2025-06-24 02:09:58] Columns in C:\Users\Abinash\Desktop\Internship_project\Nse_Reports\CSV_Files\2025-04-25\SLB_ELG_SEC_24042025.csv: ['Sr.No.', 'Symbol', 'Series', 'Normal Eligibility', 'Recall Eligibility', 'Repay Eligibility', 'Market Type']
[2025-06-24 02:09:58] Columns in C:\Users\Abinash\Desktop\Internship_project\Nse_Reports\CSV_Files\2025-04-25\top10nifty50_240425.csv: ['SYMBOL', 'SECURITY', 'WEIGHTAGE(%)']
[2025-06-24 02:09:58] Columns in C:\Users\Abinash\Desktop\Internship_project\Nse_Reports\CSV_Files\2025-05-11\AUB_2025086_09052025.csv: ['Confirmed list of securities to be auctioned in A 2025086 to be held on May 09 2025.']
[2025-06-24 02:09:58] Columns in C:\Users\Abinash\Desktop\Internship_project\Nse_Reports\CSV_Files\2025-05-11\BhavCopy_NSE_CM_0_0_0_20250509_F_0000.csv: ['TradDt', 'BizDt', 'Sgmt', 'Src', 'FinInstrmTp', 'FinInstrmId', 'ISIN', 'TckrSymb', 'SctySrs', 'XpryDt', 'FininstrmActlXpryDt', 'StrkPric', 'OptnTp', 'FinInstrmNm', 'OpnPric', 'HghPric', 'LwPric', 'ClsPric', 'LastPric', 'PrvsClsgPric', 'UndrlygPric', 'SttlmPric', 'OpnIntrst', 'ChngInOpnIntrst', 'TtlTradgVol', 'TtlTrfVal', 'TtlNbOfTxsExctd', 'SsnId', 'NewBrdLotQty', 'Rmks', 'Rsvd1', 'Rsvd2', 'Rsvd3', 'Rsvd4']
[2025-06-24 02:09:59] Columns in C:\Users\Abinash\Desktop\Internship_project\Nse_Reports\CSV_Files\2025-05-11\CMVOLT_09052025.CSV: ['Date', 'Symbol', 'Underlying Close Price (A)', 'Underlying Previous Day Close Price (B)', 'Underlying Log Returns (C) = LN(A/B)', 'Previous Day Underlying Volatility (D)', 'Current Day Underlying Daily Volatility (E) = Sqrt(0.995*D*D + 0.005*C*C)', 'Underlying Annualised Volatility (F) = E*Sqrt(365)']
[2025-06-24 02:09:59] Columns in C:\Users\Abinash\Desktop\Internship_project\Nse_Reports\CSV_Files\2025-05-11\eq_band_changes_09052025.csv: ['Sr. No', 'Symbol', 'Series', 'Security Name', 'From', 'To']
[2025-06-24 02:09:59] Columns in C:\Users\Abinash\Desktop\Internship_project\Nse_Reports\CSV_Files\2025-05-11\MA090525.csv: ['Unnamed: 0', '09-May-2025']
[2025-06-24 02:09:59] Columns in C:\Users\Abinash\Desktop\Internship_project\Nse_Reports\CSV_Files\2025-05-11\SLB_ELG_SEC_09052025.csv: ['Sr.No.', 'Symbol', 'Series', 'Normal Eligibility', 'Recall Eligibility', 'Repay Eligibility', 'Market Type']
[2025-06-24 02:09:59] Columns in C:\Users\Abinash\Desktop\Internship_project\Nse_Reports\CSV_Files\2025-05-11\top10nifty50_090525.csv: ['SYMBOL', 'SECURITY', 'WEIGHTAGE(%)']
[2025-06-24 02:09:59] Columns in C:\Users\Abinash\Desktop\Internship_project\Nse_Reports\CSV_Files\2025-05-23\AUB_2025095_22052025.csv: ['Confirmed list of securities to be auctioned in A 2025095 to be held on May 22 2025.']
[2025-06-24 02:09:59] Columns in C:\Users\Abinash\Desktop\Internship_project\Nse_Reports\CSV_Files\2025-05-23\BhavCopy_NSE_CM_0_0_0_20250522_F_0000.csv: ['TradDt', 'BizDt', 'Sgmt', 'Src', 'FinInstrmTp', 'FinInstrmId', 'ISIN', 'TckrSymb', 'SctySrs', 'XpryDt', 'FininstrmActlXpryDt', 'StrkPric', 'OptnTp', 'FinInstrmNm', 'OpnPric', 'HghPric', 'LwPric', 'ClsPric', 'LastPric', 'PrvsClsgPric', 'UndrlygPric', 'SttlmPric', 'OpnIntrst', 'ChngInOpnIntrst', 'TtlTradgVol', 'TtlTrfVal', 'TtlNbOfTxsExctd', 'SsnId', 'NewBrdLotQty', 'Rmks', 'Rsvd1', 'Rsvd2', 'Rsvd3', 'Rsvd4']
[2025-06-24 02:09:59] Columns in C:\Users\Abinash\Desktop\Internship_project\Nse_Reports\CSV_Files\2025-05-23\CMVOLT_22052025.CSV: ['Date', 'Symbol', 'Underlying Close Price (A)', 'Underlying Previous Day Close Price (B)', 'Underlying Log Returns (C) = LN(A/B)', 'Previous Day Underlying Volatility (D)', 'Current Day Underlying Daily Volatility (E) = Sqrt(0.995*D*D + 0.005*C*C)', 'Underlying Annualised Volatility (F) = E*Sqrt(365)']
[2025-06-24 02:09:59] Columns in C:\Users\Abinash\Desktop\Internship_project\Nse_Reports\CSV_Files\2025-05-23\eq_band_changes_23052025.csv: ['Sr. No', 'Symbol', 'Series', 'Security Name', 'From', 'To']
[2025-06-24 02:09:59] Columns in C:\Users\Abinash\Desktop\Internship_project\Nse_Reports\CSV_Files\2025-05-23\MA220525.csv: ['Unnamed: 0', '22-May-2025']
[2025-06-24 02:09:59] Columns in C:\Users\Abinash\Desktop\Internship_project\Nse_Reports\CSV_Files\2025-05-23\SLB_ELG_SEC_22052025.csv: ['Sr.No.', 'Symbol', 'Series', 'Normal Eligibility', 'Recall Eligibility', 'Repay Eligibility', 'Market Type']
[2025-06-24 02:09:59] Columns in C:\Users\Abinash\Desktop\Internship_project\Nse_Reports\CSV_Files\2025-05-23\top10nifty50_220525.csv: ['SYMBOL', 'SECURITY', 'WEIGHTAGE(%)']
[2025-06-24 02:09:59] Columns in C:\Users\Abinash\Desktop\Internship_project\Nse_Reports\ZIP_Files\2025-05-23_temp\BhavCopy_NSE_CM_0_0_0_20250522_F_0000.csv: ['TradDt', 'BizDt', 'Sgmt', 'Src', 'FinInstrmTp', 'FinInstrmId', 'ISIN', 'TckrSymb', 'SctySrs', 'XpryDt', 'FininstrmActlXpryDt', 'StrkPric', 'OptnTp', 'FinInstrmNm', 'OpnPric', 'HghPric', 'LwPric', 'ClsPric', 'LastPric', 'PrvsClsgPric', 'UndrlygPric', 'SttlmPric', 'OpnIntrst', 'ChngInOpnIntrst', 'TtlTradgVol', 'TtlTrfVal', 'TtlNbOfTxsExctd', 'SsnId', 'NewBrdLotQty', 'Rmks', 'Rsvd1', 'Rsvd2', 'Rsvd3', 'Rsvd4']
[2025-06-24 02:09:59] Previewed AUB_2025076_24042025.csv successfully
[2025-06-24 02:10:03] Columns in C:\Users\Abinash\Desktop\Internship_project\Nse_Reports\CSV_Files\2025-04-25\AUB_2025076_24042025.csv: ['Confirmed list of securities to be auctioned in A 2025076 to be held on Apr 24 2025.']
[2025-06-24 02:10:03] Columns in C:\Users\Abinash\Desktop\Internship_project\Nse_Reports\CSV_Files\2025-04-25\BhavCopy_NSE_CM_0_0_0_20250424_F_0000.csv: ['TradDt', 'BizDt', 'Sgmt', 'Src', 'FinInstrmTp', 'FinInstrmId', 'ISIN', 'TckrSymb', 'SctySrs', 'XpryDt', 'FininstrmActlXpryDt', 'StrkPric', 'OptnTp', 'FinInstrmNm', 'OpnPric', 'HghPric', 'LwPric', 'ClsPric', 'LastPric', 'PrvsClsgPric', 'UndrlygPric', 'SttlmPric', 'OpnIntrst', 'ChngInOpnIntrst', 'TtlTradgVol', 'TtlTrfVal', 'TtlNbOfTxsExctd', 'SsnId', 'NewBrdLotQty', 'Rmks', 'Rsvd1', 'Rsvd2', 'Rsvd3', 'Rsvd4']
[2025-06-24 02:10:03] Columns in C:\Users\Abinash\Desktop\Internship_project\Nse_Reports\CSV_Files\2025-04-25\CMVOLT_24042025.CSV: ['Date', 'Symbol', 'Underlying Close Price (A)', 'Underlying Previous Day Close Price (B)', 'Underlying Log Returns (C) = LN(A/B)', 'Previous Day Underlying Volatility (D)', 'Current Day Underlying Daily Volatility (E) = Sqrt(0.995*D*D + 0.005*C*C)', 'Underlying Annualised Volatility (F) = E*Sqrt(365)']
[2025-06-24 02:10:03] Columns in C:\Users\Abinash\Desktop\Internship_project\Nse_Reports\CSV_Files\2025-04-25\eq_band_changes_25042025.csv: ['Sr. No', 'Symbol', 'Series', 'Security Name', 'From', 'To']
[2025-06-24 02:10:03] Columns in C:\Users\Abinash\Desktop\Internship_project\Nse_Reports\CSV_Files\2025-04-25\MA240425.csv: ['Unnamed: 0', '24-Apr-2025']
[2025-06-24 02:10:03] Columns in C:\Users\Abinash\Desktop\Internship_project\Nse_Reports\CSV_Files\2025-04-25\SLB_ELG_SEC_24042025.csv: ['Sr.No.', 'Symbol', 'Series', 'Normal Eligibility', 'Recall Eligibility', 'Repay Eligibility', 'Market Type']
[2025-06-24 02:10:03] Columns in C:\Users\Abinash\Desktop\Internship_project\Nse_Reports\CSV_Files\2025-04-25\top10nifty50_240425.csv: ['SYMBOL', 'SECURITY', 'WEIGHTAGE(%)']
[2025-06-24 02:10:03] Columns in C:\Users\Abinash\Desktop\Internship_project\Nse_Reports\CSV_Files\2025-05-11\AUB_2025086_09052025.csv: ['Confirmed list of securities to be auctioned in A 2025086 to be held on May 09 2025.']
[2025-06-24 02:10:03] Columns in C:\Users\Abinash\Desktop\Internship_project\Nse_Reports\CSV_Files\2025-05-11\BhavCopy_NSE_CM_0_0_0_20250509_F_0000.csv: ['TradDt', 'BizDt', 'Sgmt', 'Src', 'FinInstrmTp', 'FinInstrmId', 'ISIN', 'TckrSymb', 'SctySrs', 'XpryDt', 'FininstrmActlXpryDt', 'StrkPric', 'OptnTp', 'FinInstrmNm', 'OpnPric', 'HghPric', 'LwPric', 'ClsPric', 'LastPric', 'PrvsClsgPric', 'UndrlygPric', 'SttlmPric', 'OpnIntrst', 'ChngInOpnIntrst', 'TtlTradgVol', 'TtlTrfVal', 'TtlNbOfTxsExctd', 'SsnId', 'NewBrdLotQty', 'Rmks', 'Rsvd1', 'Rsvd2', 'Rsvd3', 'Rsvd4']
[2025-06-24 02:10:03] Columns in C:\Users\Abinash\Desktop\Internship_project\Nse_Reports\CSV_Files\2025-05-11\CMVOLT_09052025.CSV: ['Date', 'Symbol', 'Underlying Close Price (A)', 'Underlying Previous Day Close Price (B)', 'Underlying Log Returns (C) = LN(A/B)', 'Previous Day Underlying Volatility (D)', 'Current Day Underlying Daily Volatility (E) = Sqrt(0.995*D*D + 0.005*C*C)', 'Underlying Annualised Volatility (F) = E*Sqrt(365)']
[2025-06-24 02:10:03] Columns in C:\Users\Abinash\Desktop\Internship_project\Nse_Reports\CSV_Files\2025-05-11\eq_band_changes_09052025.csv: ['Sr. No', 'Symbol', 'Series', 'Security Name', 'From', 'To']
[2025-06-24 02:10:03] Columns in C:\Users\Abinash\Desktop\Internship_project\Nse_Reports\CSV_Files\2025-05-11\MA090525.csv: ['Unnamed: 0', '09-May-2025']
[2025-06-24 02:10:03] Columns in C:\Users\Abinash\Desktop\Internship_project\Nse_Reports\CSV_Files\2025-05-11\SLB_ELG_SEC_09052025.csv: ['Sr.No.', 'Symbol', 'Series', 'Normal Eligibility', 'Recall Eligibility', 'Repay Eligibility', 'Market Type']
[2025-06-24 02:10:03] Columns in C:\Users\Abinash\Desktop\Internship_project\Nse_Reports\CSV_Files\2025-05-11\top10nifty50_090525.csv: ['SYMBOL', 'SECURITY', 'WEIGHTAGE(%)']
[2025-06-24 02:10:03] Columns in C:\Users\Abinash\Desktop\Internship_project\Nse_Reports\CSV_Files\2025-05-23\AUB_2025095_22052025.csv: ['Confirmed list of securities to be auctioned in A 2025095 to be held on May 22 2025.']
[2025-06-24 02:10:03] Columns in C:\Users\Abinash\Desktop\Internship_project\Nse_Reports\CSV_Files\2025-05-23\BhavCopy_NSE_CM_0_0_0_20250522_F_0000.csv: ['TradDt', 'BizDt', 'Sgmt', 'Src', 'FinInstrmTp', 'FinInstrmId', 'ISIN', 'TckrSymb', 'SctySrs', 'XpryDt', 'FininstrmActlXpryDt', 'StrkPric', 'OptnTp', 'FinInstrmNm', 'OpnPric', 'HghPric', 'LwPric', 'ClsPric', 'LastPric', 'PrvsClsgPric', 'UndrlygPric', 'SttlmPric', 'OpnIntrst', 'ChngInOpnIntrst', 'TtlTradgVol', 'TtlTrfVal', 'TtlNbOfTxsExctd', 'SsnId', 'NewBrdLotQty', 'Rmks', 'Rsvd1', 'Rsvd2', 'Rsvd3', 'Rsvd4']
[2025-06-24 02:10:03] Columns in C:\Users\Abinash\Desktop\Internship_project\Nse_Reports\CSV_Files\2025-05-23\CMVOLT_22052025.CSV: ['Date', 'Symbol', 'Underlying Close Price (A)', 'Underlying Previous Day Close Price (B)', 'Underlying Log Returns (C) = LN(A/B)', 'Previous Day Underlying Volatility (D)', 'Current Day Underlying Daily Volatility (E) = Sqrt(0.995*D*D + 0.005*C*C)', 'Underlying Annualised Volatility (F) = E*Sqrt(365)']
[2025-06-24 02:10:03] Columns in C:\Users\Abinash\Desktop\Internship_project\Nse_Reports\CSV_Files\2025-05-23\eq_band_changes_23052025.csv: ['Sr. No', 'Symbol', 'Series', 'Security Name', 'From', 'To']
[2025-06-24 02:10:03] Columns in C:\Users\Abinash\Desktop\Internship_project\Nse_Reports\CSV_Files\2025-05-23\MA220525.csv: ['Unnamed: 0', '22-May-2025']
[2025-06-24 02:10:03] Columns in C:\Users\Abinash\Desktop\Internship_project\Nse_Reports\CSV_Files\2025-05-23\SLB_ELG_SEC_22052025.csv: ['Sr.No.', 'Symbol', 'Series', 'Normal Eligibility', 'Recall Eligibility', 'Repay Eligibility', 'Market Type']
[2025-06-24 02:10:03] Columns in C:\Users\Abinash\Desktop\Internship_project\Nse_Reports\CSV_Files\2025-05-23\top10nifty50_220525.csv: ['SYMBOL', 'SECURITY', 'WEIGHTAGE(%)']
[2025-06-24 02:10:03] Columns in C:\Users\Abinash\Desktop\Internship_project\Nse_Reports\ZIP_Files\2025-05-23_temp\BhavCopy_NSE_CM_0_0_0_20250522_F_0000.csv: ['TradDt', 'BizDt', 'Sgmt', 'Src', 'FinInstrmTp', 'FinInstrmId', 'ISIN', 'TckrSymb', 'SctySrs', 'XpryDt', 'FininstrmActlXpryDt', 'StrkPric', 'OptnTp', 'FinInstrmNm', 'OpnPric', 'HghPric', 'LwPric', 'ClsPric', 'LastPric', 'PrvsClsgPric', 'UndrlygPric', 'SttlmPric', 'OpnIntrst', 'ChngInOpnIntrst', 'TtlTradgVol', 'TtlTrfVal', 'TtlNbOfTxsExctd', 'SsnId', 'NewBrdLotQty', 'Rmks', 'Rsvd1', 'Rsvd2', 'Rsvd3', 'Rsvd4']
[2025-06-24 02:10:03] Previewed AUB_2025076_24042025.csv successfully
[2025-06-24 02:10:10] Accessing https://www.nseindia.com/all-reports
[2025-06-24 02:10:31] Report_Found 10 Downloading...
[2025-06-24 02:10:31] Downloading...: MA230625.csv from https://nsearchives.nseindia.com/archives/equities/mkt/MA230625.csv
[2025-06-24 02:10:31] Downloaded: MA230625.csv
[2025-06-24 02:10:31] Downloading...: AUB_2025117_23062025.csv from https://nsearchives.nseindia.com/content/nsccl/AUB_2025117_23062025.csv
[2025-06-24 02:10:32] Downloaded: AUB_2025117_23062025.csv
[2025-06-24 02:10:32] Downloading...: new_bhavcopy_format_readme.xlsx from https://nsearchives.nseindia.com/content/new_bhavcopy_format_readme.xlsx
[2025-06-24 02:10:32] Downloaded: new_bhavcopy_format_readme.xlsx
[2025-06-24 02:10:32] Downloading...: cat_turnover_240625.xls from https://nsearchives.nseindia.com/archives/equities/cat/cat_turnover_240625.xls
[2025-06-24 02:10:32] Retry1 for cat_turnover_240625.xls
[2025-06-24 02:10:35] Retry2 for cat_turnover_240625.xls
[2025-06-24 02:10:37] Retry3 for cat_turnover_240625.xls
[2025-06-24 02:10:40] Downloading...: BhavCopy_NSE_CM_0_0_0_20250623_F_0000.csv.zip from https://nsearchives.nseindia.com/content/cm/BhavCopy_NSE_CM_0_0_0_20250623_F_0000.csv.zip
[2025-06-24 02:10:41] Downloaded: BhavCopy_NSE_CM_0_0_0_20250623_F_0000.csv.zip
[2025-06-24 02:10:41] Extracting ZIP: C:\Users\Abinash\Desktop\Internship_project\Nse_Reports\ZIP_Files\2025-06-24\BhavCopy_NSE_CM_0_0_0_20250623_F_0000.csv.zip
[2025-06-24 02:10:41] Extracted ZIP: C:\Users\Abinash\Desktop\Internship_project\Nse_Reports\ZIP_Files\2025-06-24\BhavCopy_NSE_CM_0_0_0_20250623_F_0000.csv.zip
[2025-06-24 02:10:41] Moved BhavCopy_NSE_CM_0_0_0_20250623_F_0000.csv to C:\Users\Abinash\Desktop\Internship_project\Nse_Reports\CSV_Files\2025-06-24
[2025-06-24 02:10:41] Deleted original ZIP file: C:\Users\Abinash\Desktop\Internship_project\Nse_Reports\ZIP_Files\2025-06-24\BhavCopy_NSE_CM_0_0_0_20250623_F_0000.csv.zip
[2025-06-24 02:10:41] Downloading...: eq_band_changes_23062025.csv from https://nsearchives.nseindia.com/content/equities/eq_band_changes_23062025.csv
[2025-06-24 02:10:41] Downloaded: eq_band_changes_23062025.csv
[2025-06-24 02:10:41] Downloading...: CMVOLT_23062025.CSV from https://nsearchives.nseindia.com/archives/nsccl/volt/CMVOLT_23062025.CSV
[2025-06-24 02:10:41] Downloaded: CMVOLT_23062025.CSV
[2025-06-24 02:10:41] Downloading...: SLB_ELG_SEC_23062025.csv from https://nsearchives.nseindia.com/archives/slbs/seclist/SLB_ELG_SEC_23062025.csv
[2025-06-24 02:10:41] Downloaded: SLB_ELG_SEC_23062025.csv
[2025-06-24 02:10:41] Downloading...: top10nifty50_230625.csv from https://nsearchives.nseindia.com/content/indices/top10nifty50_230625.csv
[2025-06-24 02:10:41] Downloaded: top10nifty50_230625.csv
[2025-06-24 02:10:41] Downloading...: MTO_23062025.DAT from https://nsearchives.nseindia.com/archives/equities/mto/MTO_23062025.DAT
[2025-06-24 02:10:41] Downloaded: MTO_23062025.DAT
[2025-06-24 02:10:41] All Reports Successfully Downloaded: C:\Users\Abinash\Desktop\Internship_project\Nse_Reports (Average Speed: 0.23s/file)
[2025-06-24 02:11:34] Columns in C:\Users\Abinash\Desktop\Internship_project\Nse_Reports\CSV_Files\2025-04-25\AUB_2025076_24042025.csv: ['Confirmed list of securities to be auctioned in A 2025076 to be held on Apr 24 2025.']
[2025-06-24 02:11:34] Columns in C:\Users\Abinash\Desktop\Internship_project\Nse_Reports\CSV_Files\2025-04-25\BhavCopy_NSE_CM_0_0_0_20250424_F_0000.csv: ['TradDt', 'BizDt', 'Sgmt', 'Src', 'FinInstrmTp', 'FinInstrmId', 'ISIN', 'TckrSymb', 'SctySrs', 'XpryDt', 'FininstrmActlXpryDt', 'StrkPric', 'OptnTp', 'FinInstrmNm', 'OpnPric', 'HghPric', 'LwPric', 'ClsPric', 'LastPric', 'PrvsClsgPric', 'UndrlygPric', 'SttlmPric', 'OpnIntrst', 'ChngInOpnIntrst', 'TtlTradgVol', 'TtlTrfVal', 'TtlNbOfTxsExctd', 'SsnId', 'NewBrdLotQty', 'Rmks', 'Rsvd1', 'Rsvd2', 'Rsvd3', 'Rsvd4']
[2025-06-24 02:11:34] Columns in C:\Users\Abinash\Desktop\Internship_project\Nse_Reports\CSV_Files\2025-04-25\CMVOLT_24042025.CSV: ['Date', 'Symbol', 'Underlying Close Price (A)', 'Underlying Previous Day Close Price (B)', 'Underlying Log Returns (C) = LN(A/B)', 'Previous Day Underlying Volatility (D)', 'Current Day Underlying Daily Volatility (E) = Sqrt(0.995*D*D + 0.005*C*C)', 'Underlying Annualised Volatility (F) = E*Sqrt(365)']
[2025-06-24 02:11:34] Columns in C:\Users\Abinash\Desktop\Internship_project\Nse_Reports\CSV_Files\2025-04-25\eq_band_changes_25042025.csv: ['Sr. No', 'Symbol', 'Series', 'Security Name', 'From', 'To']
[2025-06-24 02:11:34] Columns in C:\Users\Abinash\Desktop\Internship_project\Nse_Reports\CSV_Files\2025-04-25\MA240425.csv: ['Unnamed: 0', '24-Apr-2025']
[2025-06-24 02:11:34] Columns in C:\Users\Abinash\Desktop\Internship_project\Nse_Reports\CSV_Files\2025-04-25\SLB_ELG_SEC_24042025.csv: ['Sr.No.', 'Symbol', 'Series', 'Normal Eligibility', 'Recall Eligibility', 'Repay Eligibility', 'Market Type']
[2025-06-24 02:11:34] Columns in C:\Users\Abinash\Desktop\Internship_project\Nse_Reports\CSV_Files\2025-04-25\top10nifty50_240425.csv: ['SYMBOL', 'SECURITY', 'WEIGHTAGE(%)']
[2025-06-24 02:11:34] Columns in C:\Users\Abinash\Desktop\Internship_project\Nse_Reports\CSV_Files\2025-05-11\AUB_2025086_09052025.csv: ['Confirmed list of securities to be auctioned in A 2025086 to be held on May 09 2025.']
[2025-06-24 02:11:34] Columns in C:\Users\Abinash\Desktop\Internship_project\Nse_Reports\CSV_Files\2025-05-11\BhavCopy_NSE_CM_0_0_0_20250509_F_0000.csv: ['TradDt', 'BizDt', 'Sgmt', 'Src', 'FinInstrmTp', 'FinInstrmId', 'ISIN', 'TckrSymb', 'SctySrs', 'XpryDt', 'FininstrmActlXpryDt', 'StrkPric', 'OptnTp', 'FinInstrmNm', 'OpnPric', 'HghPric', 'LwPric', 'ClsPric', 'LastPric', 'PrvsClsgPric', 'UndrlygPric', 'SttlmPric', 'OpnIntrst', 'ChngInOpnIntrst', 'TtlTradgVol', 'TtlTrfVal', 'TtlNbOfTxsExctd', 'SsnId', 'NewBrdLotQty', 'Rmks', 'Rsvd1', 'Rsvd2', 'Rsvd3', 'Rsvd4']
[2025-06-24 02:11:34] Columns in C:\Users\Abinash\Desktop\Internship_project\Nse_Reports\CSV_Files\2025-05-11\CMVOLT_09052025.CSV: ['Date', 'Symbol', 'Underlying Close Price (A)', 'Underlying Previous Day Close Price (B)', 'Underlying Log Returns (C) = LN(A/B)', 'Previous Day Underlying Volatility (D)', 'Current Day Underlying Daily Volatility (E) = Sqrt(0.995*D*D + 0.005*C*C)', 'Underlying Annualised Volatility (F) = E*Sqrt(365)']
[2025-06-24 02:11:34] Columns in C:\Users\Abinash\Desktop\Internship_project\Nse_Reports\CSV_Files\2025-05-11\eq_band_changes_09052025.csv: ['Sr. No', 'Symbol', 'Series', 'Security Name', 'From', 'To']
[2025-06-24 02:11:34] Columns in C:\Users\Abinash\Desktop\Internship_project\Nse_Reports\CSV_Files\2025-05-11\MA090525.csv: ['Unnamed: 0', '09-May-2025']
[2025-06-24 02:11:34] Columns in C:\Users\Abinash\Desktop\Internship_project\Nse_Reports\CSV_Files\2025-05-11\SLB_ELG_SEC_09052025.csv: ['Sr.No.', 'Symbol', 'Series', 'Normal Eligibility', 'Recall Eligibility', 'Repay Eligibility', 'Market Type']
[2025-06-24 02:11:34] Columns in C:\Users\Abinash\Desktop\Internship_project\Nse_Reports\CSV_Files\2025-05-11\top10nifty50_090525.csv: ['SYMBOL', 'SECURITY', 'WEIGHTAGE(%)']
[2025-06-24 02:11:34] Columns in C:\Users\Abinash\Desktop\Internship_project\Nse_Reports\CSV_Files\2025-05-23\AUB_2025095_22052025.csv: ['Confirmed list of securities to be auctioned in A 2025095 to be held on May 22 2025.']
[2025-06-24 02:11:34] Columns in C:\Users\Abinash\Desktop\Internship_project\Nse_Reports\CSV_Files\2025-05-23\BhavCopy_NSE_CM_0_0_0_20250522_F_0000.csv: ['TradDt', 'BizDt', 'Sgmt', 'Src', 'FinInstrmTp', 'FinInstrmId', 'ISIN', 'TckrSymb', 'SctySrs', 'XpryDt', 'FininstrmActlXpryDt', 'StrkPric', 'OptnTp', 'FinInstrmNm', 'OpnPric', 'HghPric', 'LwPric', 'ClsPric', 'LastPric', 'PrvsClsgPric', 'UndrlygPric', 'SttlmPric', 'OpnIntrst', 'ChngInOpnIntrst', 'TtlTradgVol', 'TtlTrfVal', 'TtlNbOfTxsExctd', 'SsnId', 'NewBrdLotQty', 'Rmks', 'Rsvd1', 'Rsvd2', 'Rsvd3', 'Rsvd4']
[2025-06-24 02:11:34] Columns in C:\Users\Abinash\Desktop\Internship_project\Nse_Reports\CSV_Files\2025-05-23\CMVOLT_22052025.CSV: ['Date', 'Symbol', 'Underlying Close Price (A)', 'Underlying Previous Day Close Price (B)', 'Underlying Log Returns (C) = LN(A/B)', 'Previous Day Underlying Volatility (D)', 'Current Day Underlying Daily Volatility (E) = Sqrt(0.995*D*D + 0.005*C*C)', 'Underlying Annualised Volatility (F) = E*Sqrt(365)']
[2025-06-24 02:11:34] Columns in C:\Users\Abinash\Desktop\Internship_project\Nse_Reports\CSV_Files\2025-05-23\eq_band_changes_23052025.csv: ['Sr. No', 'Symbol', 'Series', 'Security Name', 'From', 'To']
[2025-06-24 02:11:34] Columns in C:\Users\Abinash\Desktop\Internship_project\Nse_Reports\CSV_Files\2025-05-23\MA220525.csv: ['Unnamed: 0', '22-May-2025']
[2025-06-24 02:11:34] Columns in C:\Users\Abinash\Desktop\Internship_project\Nse_Reports\CSV_Files\2025-05-23\SLB_ELG_SEC_22052025.csv: ['Sr.No.', 'Symbol', 'Series', 'Normal Eligibility', 'Recall Eligibility', 'Repay Eligibility', 'Market Type']
[2025-06-24 02:11:34] Columns in C:\Users\Abinash\Desktop\Internship_project\Nse_Reports\CSV_Files\2025-05-23\top10nifty50_220525.csv: ['SYMBOL', 'SECURITY', 'WEIGHTAGE(%)']
[2025-06-24 02:11:34] Columns in C:\Users\Abinash\Desktop\Internship_project\Nse_Reports\CSV_Files\2025-06-24\AUB_2025117_23062025.csv: ['Confirmed list of securities to be auctioned in A 2025117 to be held on Jun 23 2025.']
[2025-06-24 02:11:34] Columns in C:\Users\Abinash\Desktop\Internship_project\Nse_Reports\CSV_Files\2025-06-24\BhavCopy_NSE_CM_0_0_0_20250623_F_0000.csv: ['TradDt', 'BizDt', 'Sgmt', 'Src', 'FinInstrmTp', 'FinInstrmId', 'ISIN', 'TckrSymb', 'SctySrs', 'XpryDt', 'FininstrmActlXpryDt', 'StrkPric', 'OptnTp', 'FinInstrmNm', 'OpnPric', 'HghPric', 'LwPric', 'ClsPric', 'LastPric', 'PrvsClsgPric', 'UndrlygPric', 'SttlmPric', 'OpnIntrst', 'ChngInOpnIntrst', 'TtlTradgVol', 'TtlTrfVal', 'TtlNbOfTxsExctd', 'SsnId', 'NewBrdLotQty', 'Rmks', 'Rsvd1', 'Rsvd2', 'Rsvd3', 'Rsvd4']
[2025-06-24 02:11:34] Columns in C:\Users\Abinash\Desktop\Internship_project\Nse_Reports\CSV_Files\2025-06-24\CMVOLT_23062025.CSV: ['Date', 'Symbol', 'Underlying Close Price (A)', 'Underlying Previous Day Close Price (B)', 'Underlying Log Returns (C) = LN(A/B)', 'Previous Day Underlying Volatility (D)', 'Current Day Underlying Daily Volatility (E) = Sqrt(0.995*D*D + 0.005*C*C)', 'Underlying Annualised Volatility (F) = E*Sqrt(365)']
[2025-06-24 02:11:34] Columns in C:\Users\Abinash\Desktop\Internship_project\Nse_Reports\CSV_Files\2025-06-24\eq_band_changes_23062025.csv: ['Sr. No', 'Symbol', 'Series', 'Security Name', 'From', 'To']
[2025-06-24 02:11:34] Columns in C:\Users\Abinash\Desktop\Internship_project\Nse_Reports\CSV_Files\2025-06-24\MA230625.csv: ['Unnamed: 0', '23-Jun-2025']
[2025-06-24 02:11:34] Columns in C:\Users\Abinash\Desktop\Internship_project\Nse_Reports\CSV_Files\2025-06-24\SLB_ELG_SEC_23062025.csv: ['Sr.No.', 'Symbol', 'Series', 'Normal Eligibility', 'Recall Eligibility', 'Repay Eligibility', 'Market Type']
[2025-06-24 02:11:34] Columns in C:\Users\Abinash\Desktop\Internship_project\Nse_Reports\CSV_Files\2025-06-24\top10nifty50_230625.csv: ['SYMBOL', 'SECURITY', 'WEIGHTAGE(%)']
[2025-06-24 02:11:34] Columns in C:\Users\Abinash\Desktop\Internship_project\Nse_Reports\ZIP_Files\2025-05-23_temp\BhavCopy_NSE_CM_0_0_0_20250522_F_0000.csv: ['TradDt', 'BizDt', 'Sgmt', 'Src', 'FinInstrmTp', 'FinInstrmId', 'ISIN', 'TckrSymb', 'SctySrs', 'XpryDt', 'FininstrmActlXpryDt', 'StrkPric', 'OptnTp', 'FinInstrmNm', 'OpnPric', 'HghPric', 'LwPric', 'ClsPric', 'LastPric', 'PrvsClsgPric', 'UndrlygPric', 'SttlmPric', 'OpnIntrst', 'ChngInOpnIntrst', 'TtlTradgVol', 'TtlTrfVal', 'TtlNbOfTxsExctd', 'SsnId', 'NewBrdLotQty', 'Rmks', 'Rsvd1', 'Rsvd2', 'Rsvd3', 'Rsvd4']
[2025-06-24 02:11:34] Previewed AUB_2025076_24042025.csv successfully
